<?xml version="1.0" encoding="UTF-8"?>
<!-- Generated by org.testng.reporters.JUnitReportReporter -->
<testsuite hostname="LAIMUMLT9002" failures="0" tests="3" name="com.qa.tests.TesLoginPage" time="54.345" errors="0" timestamp="2024-05-08T16:32:10 IST" skipped="0">
  <testcase classname="com.qa.tests.TesLoginPage" name="verifyLoginPageTitle" time="15.514"/>
  <testcase classname="com.qa.tests.TesLoginPage" name="validLogin" time="19.705"/>
  <testcase classname="com.qa.tests.TesLoginPage" name="inValidLogin" time="19.126"/>
</testsuite> <!-- com.qa.tests.TesLoginPage -->
