<?xml version="1.0" encoding="UTF-8"?>
<!-- Generated by org.testng.reporters.JUnitReportReporter -->
<testsuite hostname="LAIMUMLT9002" failures="0" tests="3" name="com.qa.tests.TestHomePage" time="51.052" errors="0" timestamp="2024-05-08T16:32:10 IST" skipped="0">
  <testcase classname="com.qa.tests.TestHomePage" name="verifyHomePageTitle" time="11.667"/>
  <testcase classname="com.qa.tests.TestHomePage" name="testHomePageLogo" time="11.387"/>
  <testcase classname="com.qa.tests.TestHomePage" name="testMyAccountLink" time="27.998"/>
</testsuite> <!-- com.qa.tests.TestHomePage -->
